[2023-11-19 11:23:06] laravel.EMERGENCY: Unable to create configured logger. Using emergency logger. {"exception":"[object] (InvalidArgumentException(code: 0): Log [] is not defined. at E:\\xampp\\htdocs\\infixlms-test\\vendor\\laravel\\framework\\src\\Illuminate\\Log\\LogManager.php:212)
[stacktrace]
#0 E:\\xampp\\htdocs\\infixlms-test\\vendor\\laravel\\framework\\src\\Illuminate\\Log\\LogManager.php(137): Illuminate\\Log\\LogManager->resolve(NULL, NULL)
#1 E:\\xampp\\htdocs\\infixlms-test\\vendor\\laravel\\framework\\src\\Illuminate\\Log\\LogManager.php(124): Illuminate\\Log\\LogManager->get(NULL)
#2 E:\\xampp\\htdocs\\infixlms-test\\vendor\\laravel\\framework\\src\\Illuminate\\Log\\LogManager.php(667): Illuminate\\Log\\LogManager->driver()
#3 E:\\xampp\\htdocs\\infixlms-test\\vendor\\laravel\\framework\\src\\Illuminate\\Foundation\\Exceptions\\Handler.php(274): Illuminate\\Log\\LogManager->error('Class \"PragmaRX...', Array)
#4 E:\\xampp\\htdocs\\infixlms-test\\app\\Exceptions\\Handler.php(36): Illuminate\\Foundation\\Exceptions\\Handler->report(Object(Error))
#5 E:\\xampp\\htdocs\\infixlms-test\\vendor\\laravel\\framework\\src\\Illuminate\\Foundation\\Http\\Kernel.php(491): App\\Exceptions\\Handler->report(Object(Error))
#6 E:\\xampp\\htdocs\\infixlms-test\\vendor\\laravel\\framework\\src\\Illuminate\\Foundation\\Http\\Kernel.php(146): Illuminate\\Foundation\\Http\\Kernel->reportException(Object(Error))
#7 E:\\xampp\\htdocs\\infixlms-test\\index.php(60): Illuminate\\Foundation\\Http\\Kernel->handle(Object(Illuminate\\Http\\Request))
#8 {main}
"} 
[2023-11-19 11:23:06] laravel.ERROR: Class "PragmaRX\Google2FALaravel\Support\Constants" not found {"exception":"[object] (Error(code: 0): Class \"PragmaRX\\Google2FALaravel\\Support\\Constants\" not found at E:\\xampp\\htdocs\\infixlms-test\\config\\google2fa.php:81)
[stacktrace]
#0 E:\\xampp\\htdocs\\infixlms-test\\vendor\\laravel\\framework\\src\\Illuminate\\Foundation\\Bootstrap\\LoadConfiguration.php(70): require()
#1 E:\\xampp\\htdocs\\infixlms-test\\vendor\\laravel\\framework\\src\\Illuminate\\Foundation\\Bootstrap\\LoadConfiguration.php(39): Illuminate\\Foundation\\Bootstrap\\LoadConfiguration->loadConfigurationFiles(Object(Illuminate\\Foundation\\Application), Object(Illuminate\\Config\\Repository))
#2 E:\\xampp\\htdocs\\infixlms-test\\vendor\\laravel\\framework\\src\\Illuminate\\Foundation\\Application.php(261): Illuminate\\Foundation\\Bootstrap\\LoadConfiguration->bootstrap(Object(Illuminate\\Foundation\\Application))
#3 E:\\xampp\\htdocs\\infixlms-test\\vendor\\laravel\\framework\\src\\Illuminate\\Foundation\\Http\\Kernel.php(186): Illuminate\\Foundation\\Application->bootstrapWith(Array)
#4 E:\\xampp\\htdocs\\infixlms-test\\vendor\\laravel\\framework\\src\\Illuminate\\Foundation\\Http\\Kernel.php(170): Illuminate\\Foundation\\Http\\Kernel->bootstrap()
#5 E:\\xampp\\htdocs\\infixlms-test\\vendor\\laravel\\framework\\src\\Illuminate\\Foundation\\Http\\Kernel.php(144): Illuminate\\Foundation\\Http\\Kernel->sendRequestThroughRouter(Object(Illuminate\\Http\\Request))
#6 E:\\xampp\\htdocs\\infixlms-test\\index.php(60): Illuminate\\Foundation\\Http\\Kernel->handle(Object(Illuminate\\Http\\Request))
#7 {main}
"} 
[2023-11-19 11:23:16] laravel.EMERGENCY: Unable to create configured logger. Using emergency logger. {"exception":"[object] (InvalidArgumentException(code: 0): Log [] is not defined. at E:\\xampp\\htdocs\\infixlms-test\\vendor\\laravel\\framework\\src\\Illuminate\\Log\\LogManager.php:212)
[stacktrace]
#0 E:\\xampp\\htdocs\\infixlms-test\\vendor\\laravel\\framework\\src\\Illuminate\\Log\\LogManager.php(137): Illuminate\\Log\\LogManager->resolve(NULL, NULL)
#1 E:\\xampp\\htdocs\\infixlms-test\\vendor\\laravel\\framework\\src\\Illuminate\\Log\\LogManager.php(124): Illuminate\\Log\\LogManager->get(NULL)
#2 E:\\xampp\\htdocs\\infixlms-test\\vendor\\laravel\\framework\\src\\Illuminate\\Log\\LogManager.php(667): Illuminate\\Log\\LogManager->driver()
#3 E:\\xampp\\htdocs\\infixlms-test\\vendor\\laravel\\framework\\src\\Illuminate\\Foundation\\Exceptions\\Handler.php(274): Illuminate\\Log\\LogManager->error('Class \"PragmaRX...', Array)
#4 E:\\xampp\\htdocs\\infixlms-test\\app\\Exceptions\\Handler.php(36): Illuminate\\Foundation\\Exceptions\\Handler->report(Object(Error))
#5 E:\\xampp\\htdocs\\infixlms-test\\vendor\\laravel\\framework\\src\\Illuminate\\Foundation\\Http\\Kernel.php(491): App\\Exceptions\\Handler->report(Object(Error))
#6 E:\\xampp\\htdocs\\infixlms-test\\vendor\\laravel\\framework\\src\\Illuminate\\Foundation\\Http\\Kernel.php(146): Illuminate\\Foundation\\Http\\Kernel->reportException(Object(Error))
#7 E:\\xampp\\htdocs\\infixlms-test\\index.php(60): Illuminate\\Foundation\\Http\\Kernel->handle(Object(Illuminate\\Http\\Request))
#8 {main}
"} 
[2023-11-19 11:23:16] laravel.ERROR: Class "PragmaRX\Google2FALaravel\Support\Constants" not found {"exception":"[object] (Error(code: 0): Class \"PragmaRX\\Google2FALaravel\\Support\\Constants\" not found at E:\\xampp\\htdocs\\infixlms-test\\config\\google2fa.php:81)
[stacktrace]
#0 E:\\xampp\\htdocs\\infixlms-test\\vendor\\laravel\\framework\\src\\Illuminate\\Foundation\\Bootstrap\\LoadConfiguration.php(70): require()
#1 E:\\xampp\\htdocs\\infixlms-test\\vendor\\laravel\\framework\\src\\Illuminate\\Foundation\\Bootstrap\\LoadConfiguration.php(39): Illuminate\\Foundation\\Bootstrap\\LoadConfiguration->loadConfigurationFiles(Object(Illuminate\\Foundation\\Application), Object(Illuminate\\Config\\Repository))
#2 E:\\xampp\\htdocs\\infixlms-test\\vendor\\laravel\\framework\\src\\Illuminate\\Foundation\\Application.php(261): Illuminate\\Foundation\\Bootstrap\\LoadConfiguration->bootstrap(Object(Illuminate\\Foundation\\Application))
#3 E:\\xampp\\htdocs\\infixlms-test\\vendor\\laravel\\framework\\src\\Illuminate\\Foundation\\Http\\Kernel.php(186): Illuminate\\Foundation\\Application->bootstrapWith(Array)
#4 E:\\xampp\\htdocs\\infixlms-test\\vendor\\laravel\\framework\\src\\Illuminate\\Foundation\\Http\\Kernel.php(170): Illuminate\\Foundation\\Http\\Kernel->bootstrap()
#5 E:\\xampp\\htdocs\\infixlms-test\\vendor\\laravel\\framework\\src\\Illuminate\\Foundation\\Http\\Kernel.php(144): Illuminate\\Foundation\\Http\\Kernel->sendRequestThroughRouter(Object(Illuminate\\Http\\Request))
#6 E:\\xampp\\htdocs\\infixlms-test\\index.php(60): Illuminate\\Foundation\\Http\\Kernel->handle(Object(Illuminate\\Http\\Request))
#7 {main}
"} 
[2023-11-19 11:23:16] laravel.EMERGENCY: Unable to create configured logger. Using emergency logger. {"exception":"[object] (InvalidArgumentException(code: 0): Log [] is not defined. at E:\\xampp\\htdocs\\infixlms-test\\vendor\\laravel\\framework\\src\\Illuminate\\Log\\LogManager.php:212)
[stacktrace]
#0 E:\\xampp\\htdocs\\infixlms-test\\vendor\\laravel\\framework\\src\\Illuminate\\Log\\LogManager.php(137): Illuminate\\Log\\LogManager->resolve(NULL, NULL)
#1 E:\\xampp\\htdocs\\infixlms-test\\vendor\\laravel\\framework\\src\\Illuminate\\Log\\LogManager.php(124): Illuminate\\Log\\LogManager->get(NULL)
#2 E:\\xampp\\htdocs\\infixlms-test\\vendor\\laravel\\framework\\src\\Illuminate\\Log\\LogManager.php(667): Illuminate\\Log\\LogManager->driver()
#3 E:\\xampp\\htdocs\\infixlms-test\\vendor\\laravel\\framework\\src\\Illuminate\\Foundation\\Exceptions\\Handler.php(274): Illuminate\\Log\\LogManager->error('Class \"PragmaRX...', Array)
#4 E:\\xampp\\htdocs\\infixlms-test\\app\\Exceptions\\Handler.php(36): Illuminate\\Foundation\\Exceptions\\Handler->report(Object(Error))
#5 E:\\xampp\\htdocs\\infixlms-test\\vendor\\laravel\\framework\\src\\Illuminate\\Foundation\\Http\\Kernel.php(491): App\\Exceptions\\Handler->report(Object(Error))
#6 E:\\xampp\\htdocs\\infixlms-test\\vendor\\laravel\\framework\\src\\Illuminate\\Foundation\\Http\\Kernel.php(146): Illuminate\\Foundation\\Http\\Kernel->reportException(Object(Error))
#7 E:\\xampp\\htdocs\\infixlms-test\\index.php(60): Illuminate\\Foundation\\Http\\Kernel->handle(Object(Illuminate\\Http\\Request))
#8 {main}
"} 
[2023-11-19 11:23:16] laravel.ERROR: Class "PragmaRX\Google2FALaravel\Support\Constants" not found {"exception":"[object] (Error(code: 0): Class \"PragmaRX\\Google2FALaravel\\Support\\Constants\" not found at E:\\xampp\\htdocs\\infixlms-test\\config\\google2fa.php:81)
[stacktrace]
#0 E:\\xampp\\htdocs\\infixlms-test\\vendor\\laravel\\framework\\src\\Illuminate\\Foundation\\Bootstrap\\LoadConfiguration.php(70): require()
#1 E:\\xampp\\htdocs\\infixlms-test\\vendor\\laravel\\framework\\src\\Illuminate\\Foundation\\Bootstrap\\LoadConfiguration.php(39): Illuminate\\Foundation\\Bootstrap\\LoadConfiguration->loadConfigurationFiles(Object(Illuminate\\Foundation\\Application), Object(Illuminate\\Config\\Repository))
#2 E:\\xampp\\htdocs\\infixlms-test\\vendor\\laravel\\framework\\src\\Illuminate\\Foundation\\Application.php(261): Illuminate\\Foundation\\Bootstrap\\LoadConfiguration->bootstrap(Object(Illuminate\\Foundation\\Application))
#3 E:\\xampp\\htdocs\\infixlms-test\\vendor\\laravel\\framework\\src\\Illuminate\\Foundation\\Http\\Kernel.php(186): Illuminate\\Foundation\\Application->bootstrapWith(Array)
#4 E:\\xampp\\htdocs\\infixlms-test\\vendor\\laravel\\framework\\src\\Illuminate\\Foundation\\Http\\Kernel.php(170): Illuminate\\Foundation\\Http\\Kernel->bootstrap()
#5 E:\\xampp\\htdocs\\infixlms-test\\vendor\\laravel\\framework\\src\\Illuminate\\Foundation\\Http\\Kernel.php(144): Illuminate\\Foundation\\Http\\Kernel->sendRequestThroughRouter(Object(Illuminate\\Http\\Request))
#6 E:\\xampp\\htdocs\\infixlms-test\\index.php(60): Illuminate\\Foundation\\Http\\Kernel->handle(Object(Illuminate\\Http\\Request))
#7 {main}
"} 
[2023-11-19 11:23:17] laravel.EMERGENCY: Unable to create configured logger. Using emergency logger. {"exception":"[object] (InvalidArgumentException(code: 0): Log [] is not defined. at E:\\xampp\\htdocs\\infixlms-test\\vendor\\laravel\\framework\\src\\Illuminate\\Log\\LogManager.php:212)
[stacktrace]
#0 E:\\xampp\\htdocs\\infixlms-test\\vendor\\laravel\\framework\\src\\Illuminate\\Log\\LogManager.php(137): Illuminate\\Log\\LogManager->resolve(NULL, NULL)
#1 E:\\xampp\\htdocs\\infixlms-test\\vendor\\laravel\\framework\\src\\Illuminate\\Log\\LogManager.php(124): Illuminate\\Log\\LogManager->get(NULL)
#2 E:\\xampp\\htdocs\\infixlms-test\\vendor\\laravel\\framework\\src\\Illuminate\\Log\\LogManager.php(667): Illuminate\\Log\\LogManager->driver()
#3 E:\\xampp\\htdocs\\infixlms-test\\vendor\\laravel\\framework\\src\\Illuminate\\Foundation\\Exceptions\\Handler.php(274): Illuminate\\Log\\LogManager->error('Class \"PragmaRX...', Array)
#4 E:\\xampp\\htdocs\\infixlms-test\\app\\Exceptions\\Handler.php(36): Illuminate\\Foundation\\Exceptions\\Handler->report(Object(Error))
#5 E:\\xampp\\htdocs\\infixlms-test\\vendor\\laravel\\framework\\src\\Illuminate\\Foundation\\Http\\Kernel.php(491): App\\Exceptions\\Handler->report(Object(Error))
#6 E:\\xampp\\htdocs\\infixlms-test\\vendor\\laravel\\framework\\src\\Illuminate\\Foundation\\Http\\Kernel.php(146): Illuminate\\Foundation\\Http\\Kernel->reportException(Object(Error))
#7 E:\\xampp\\htdocs\\infixlms-test\\index.php(60): Illuminate\\Foundation\\Http\\Kernel->handle(Object(Illuminate\\Http\\Request))
#8 {main}
"} 
[2023-11-19 11:23:17] laravel.ERROR: Class "PragmaRX\Google2FALaravel\Support\Constants" not found {"exception":"[object] (Error(code: 0): Class \"PragmaRX\\Google2FALaravel\\Support\\Constants\" not found at E:\\xampp\\htdocs\\infixlms-test\\config\\google2fa.php:81)
[stacktrace]
#0 E:\\xampp\\htdocs\\infixlms-test\\vendor\\laravel\\framework\\src\\Illuminate\\Foundation\\Bootstrap\\LoadConfiguration.php(70): require()
#1 E:\\xampp\\htdocs\\infixlms-test\\vendor\\laravel\\framework\\src\\Illuminate\\Foundation\\Bootstrap\\LoadConfiguration.php(39): Illuminate\\Foundation\\Bootstrap\\LoadConfiguration->loadConfigurationFiles(Object(Illuminate\\Foundation\\Application), Object(Illuminate\\Config\\Repository))
#2 E:\\xampp\\htdocs\\infixlms-test\\vendor\\laravel\\framework\\src\\Illuminate\\Foundation\\Application.php(261): Illuminate\\Foundation\\Bootstrap\\LoadConfiguration->bootstrap(Object(Illuminate\\Foundation\\Application))
#3 E:\\xampp\\htdocs\\infixlms-test\\vendor\\laravel\\framework\\src\\Illuminate\\Foundation\\Http\\Kernel.php(186): Illuminate\\Foundation\\Application->bootstrapWith(Array)
#4 E:\\xampp\\htdocs\\infixlms-test\\vendor\\laravel\\framework\\src\\Illuminate\\Foundation\\Http\\Kernel.php(170): Illuminate\\Foundation\\Http\\Kernel->bootstrap()
#5 E:\\xampp\\htdocs\\infixlms-test\\vendor\\laravel\\framework\\src\\Illuminate\\Foundation\\Http\\Kernel.php(144): Illuminate\\Foundation\\Http\\Kernel->sendRequestThroughRouter(Object(Illuminate\\Http\\Request))
#6 E:\\xampp\\htdocs\\infixlms-test\\index.php(60): Illuminate\\Foundation\\Http\\Kernel->handle(Object(Illuminate\\Http\\Request))
#7 {main}
"} 
[2023-11-19 11:23:17] laravel.EMERGENCY: Unable to create configured logger. Using emergency logger. {"exception":"[object] (InvalidArgumentException(code: 0): Log [] is not defined. at E:\\xampp\\htdocs\\infixlms-test\\vendor\\laravel\\framework\\src\\Illuminate\\Log\\LogManager.php:212)
[stacktrace]
#0 E:\\xampp\\htdocs\\infixlms-test\\vendor\\laravel\\framework\\src\\Illuminate\\Log\\LogManager.php(137): Illuminate\\Log\\LogManager->resolve(NULL, NULL)
#1 E:\\xampp\\htdocs\\infixlms-test\\vendor\\laravel\\framework\\src\\Illuminate\\Log\\LogManager.php(124): Illuminate\\Log\\LogManager->get(NULL)
#2 E:\\xampp\\htdocs\\infixlms-test\\vendor\\laravel\\framework\\src\\Illuminate\\Log\\LogManager.php(667): Illuminate\\Log\\LogManager->driver()
#3 E:\\xampp\\htdocs\\infixlms-test\\vendor\\laravel\\framework\\src\\Illuminate\\Foundation\\Exceptions\\Handler.php(274): Illuminate\\Log\\LogManager->error('Class \"PragmaRX...', Array)
#4 E:\\xampp\\htdocs\\infixlms-test\\app\\Exceptions\\Handler.php(36): Illuminate\\Foundation\\Exceptions\\Handler->report(Object(Error))
#5 E:\\xampp\\htdocs\\infixlms-test\\vendor\\laravel\\framework\\src\\Illuminate\\Foundation\\Http\\Kernel.php(491): App\\Exceptions\\Handler->report(Object(Error))
#6 E:\\xampp\\htdocs\\infixlms-test\\vendor\\laravel\\framework\\src\\Illuminate\\Foundation\\Http\\Kernel.php(146): Illuminate\\Foundation\\Http\\Kernel->reportException(Object(Error))
#7 E:\\xampp\\htdocs\\infixlms-test\\index.php(60): Illuminate\\Foundation\\Http\\Kernel->handle(Object(Illuminate\\Http\\Request))
#8 {main}
"} 
[2023-11-19 11:23:17] laravel.ERROR: Class "PragmaRX\Google2FALaravel\Support\Constants" not found {"exception":"[object] (Error(code: 0): Class \"PragmaRX\\Google2FALaravel\\Support\\Constants\" not found at E:\\xampp\\htdocs\\infixlms-test\\config\\google2fa.php:81)
[stacktrace]
#0 E:\\xampp\\htdocs\\infixlms-test\\vendor\\laravel\\framework\\src\\Illuminate\\Foundation\\Bootstrap\\LoadConfiguration.php(70): require()
#1 E:\\xampp\\htdocs\\infixlms-test\\vendor\\laravel\\framework\\src\\Illuminate\\Foundation\\Bootstrap\\LoadConfiguration.php(39): Illuminate\\Foundation\\Bootstrap\\LoadConfiguration->loadConfigurationFiles(Object(Illuminate\\Foundation\\Application), Object(Illuminate\\Config\\Repository))
#2 E:\\xampp\\htdocs\\infixlms-test\\vendor\\laravel\\framework\\src\\Illuminate\\Foundation\\Application.php(261): Illuminate\\Foundation\\Bootstrap\\LoadConfiguration->bootstrap(Object(Illuminate\\Foundation\\Application))
#3 E:\\xampp\\htdocs\\infixlms-test\\vendor\\laravel\\framework\\src\\Illuminate\\Foundation\\Http\\Kernel.php(186): Illuminate\\Foundation\\Application->bootstrapWith(Array)
#4 E:\\xampp\\htdocs\\infixlms-test\\vendor\\laravel\\framework\\src\\Illuminate\\Foundation\\Http\\Kernel.php(170): Illuminate\\Foundation\\Http\\Kernel->bootstrap()
#5 E:\\xampp\\htdocs\\infixlms-test\\vendor\\laravel\\framework\\src\\Illuminate\\Foundation\\Http\\Kernel.php(144): Illuminate\\Foundation\\Http\\Kernel->sendRequestThroughRouter(Object(Illuminate\\Http\\Request))
#6 E:\\xampp\\htdocs\\infixlms-test\\index.php(60): Illuminate\\Foundation\\Http\\Kernel->handle(Object(Illuminate\\Http\\Request))
#7 {main}
"} 
[2023-11-19 11:23:17] laravel.EMERGENCY: Unable to create configured logger. Using emergency logger. {"exception":"[object] (InvalidArgumentException(code: 0): Log [] is not defined. at E:\\xampp\\htdocs\\infixlms-test\\vendor\\laravel\\framework\\src\\Illuminate\\Log\\LogManager.php:212)
[stacktrace]
#0 E:\\xampp\\htdocs\\infixlms-test\\vendor\\laravel\\framework\\src\\Illuminate\\Log\\LogManager.php(137): Illuminate\\Log\\LogManager->resolve(NULL, NULL)
#1 E:\\xampp\\htdocs\\infixlms-test\\vendor\\laravel\\framework\\src\\Illuminate\\Log\\LogManager.php(124): Illuminate\\Log\\LogManager->get(NULL)
#2 E:\\xampp\\htdocs\\infixlms-test\\vendor\\laravel\\framework\\src\\Illuminate\\Log\\LogManager.php(667): Illuminate\\Log\\LogManager->driver()
#3 E:\\xampp\\htdocs\\infixlms-test\\vendor\\laravel\\framework\\src\\Illuminate\\Foundation\\Exceptions\\Handler.php(274): Illuminate\\Log\\LogManager->error('Class \"PragmaRX...', Array)
#4 E:\\xampp\\htdocs\\infixlms-test\\app\\Exceptions\\Handler.php(36): Illuminate\\Foundation\\Exceptions\\Handler->report(Object(Error))
#5 E:\\xampp\\htdocs\\infixlms-test\\vendor\\laravel\\framework\\src\\Illuminate\\Foundation\\Http\\Kernel.php(491): App\\Exceptions\\Handler->report(Object(Error))
#6 E:\\xampp\\htdocs\\infixlms-test\\vendor\\laravel\\framework\\src\\Illuminate\\Foundation\\Http\\Kernel.php(146): Illuminate\\Foundation\\Http\\Kernel->reportException(Object(Error))
#7 E:\\xampp\\htdocs\\infixlms-test\\index.php(60): Illuminate\\Foundation\\Http\\Kernel->handle(Object(Illuminate\\Http\\Request))
#8 {main}
"} 
[2023-11-19 11:23:17] laravel.ERROR: Class "PragmaRX\Google2FALaravel\Support\Constants" not found {"exception":"[object] (Error(code: 0): Class \"PragmaRX\\Google2FALaravel\\Support\\Constants\" not found at E:\\xampp\\htdocs\\infixlms-test\\config\\google2fa.php:81)
[stacktrace]
#0 E:\\xampp\\htdocs\\infixlms-test\\vendor\\laravel\\framework\\src\\Illuminate\\Foundation\\Bootstrap\\LoadConfiguration.php(70): require()
#1 E:\\xampp\\htdocs\\infixlms-test\\vendor\\laravel\\framework\\src\\Illuminate\\Foundation\\Bootstrap\\LoadConfiguration.php(39): Illuminate\\Foundation\\Bootstrap\\LoadConfiguration->loadConfigurationFiles(Object(Illuminate\\Foundation\\Application), Object(Illuminate\\Config\\Repository))
#2 E:\\xampp\\htdocs\\infixlms-test\\vendor\\laravel\\framework\\src\\Illuminate\\Foundation\\Application.php(261): Illuminate\\Foundation\\Bootstrap\\LoadConfiguration->bootstrap(Object(Illuminate\\Foundation\\Application))
#3 E:\\xampp\\htdocs\\infixlms-test\\vendor\\laravel\\framework\\src\\Illuminate\\Foundation\\Http\\Kernel.php(186): Illuminate\\Foundation\\Application->bootstrapWith(Array)
#4 E:\\xampp\\htdocs\\infixlms-test\\vendor\\laravel\\framework\\src\\Illuminate\\Foundation\\Http\\Kernel.php(170): Illuminate\\Foundation\\Http\\Kernel->bootstrap()
#5 E:\\xampp\\htdocs\\infixlms-test\\vendor\\laravel\\framework\\src\\Illuminate\\Foundation\\Http\\Kernel.php(144): Illuminate\\Foundation\\Http\\Kernel->sendRequestThroughRouter(Object(Illuminate\\Http\\Request))
#6 E:\\xampp\\htdocs\\infixlms-test\\index.php(60): Illuminate\\Foundation\\Http\\Kernel->handle(Object(Illuminate\\Http\\Request))
#7 {main}
"} 
